{
  "prices": [
    [1756598491633, 108781.957279257],
    [1756602120896, 109321.613154488],
    [1756605717846, 109453.205126206],
    [1756609242817, 109204.056853091],
    [1756612963963, 109176.755674833],
    [1756616501261, 108801.688753799],
    [1756620163952, 108726.087487732],
    [1756623659485, 108714.571640844],
    [1756627364758, 108706.450258088],
    [1756630956863, 109005.617094781],
    [1756634509930, 108509.822490979],
    [1756638126758, 108569.407867272],
    [1756641822688, 108381.320009502],
    [1756645248031, 108323.515018761],
    [1756648938122, 108350.98314626],
    [1756652501914, 108462.076830976],
    [1756656141408, 108786.164044963],
    [1756659637043, 108949.126660275],
    [1756663271785, 108979.486333786],
    [1756666912435, 109131.679370945],
    [1756670432327, 108922.730739243],
    [1756674157565, 109066.366551201],
    [1756677698716, 109026.247164324],
    [1756681330273, 108867.780181885],
    [1756684884782, 108253.360923856],
    [1756688412717, 108320.528126549],
    [1756692150453, 108163.584893804],
    [1756695740902, 107556.16168413],
    [1756699346682, 107633.574904205],
    [1756702964431, 107414.44225003],
    [1756706521276, 107871.054040696],
    [1756710169849, 108078.814522146],
    [1756713739232, 109681.776742366],
    [1756717230775, 109587.934559032],
    [1756720933227, 109486.057141029],
    [1756724559678, 108458.760736454],
    [1756728195291, 108805.927058855],
    [1756731741473, 109093.75981654],
    [1756735234233, 109035.843054354],
    [1756738969312, 109120.001761749],
    [1756742541157, 108765.475596024],
    [1756746172894, 108785.439454331],
    [1756749728376, 108975.280579127],
    [1756753323872, 109207.517814423],
    [1756756977594, 109204.427253582],
    [1756760549368, 108788.136906716],
    [1756764169981, 107541.658499797],
    [1756767736249, 108482.113285146],
    [1756771301321, 109229.014546579],
    [1756774968255, 108952.08689715],
    [1756778435785, 109347.43818283],
    [1756782137258, 110126.026144136],
    [1756785706325, 110323.349922105],
    [1756789256804, 110282.972081895],
    [1756792907793, 110199.686472613],
    [1756796566343, 110380.879220127],
    [1756800140751, 110240.904742103],
    [1756803762812, 110501.879395114],
    [1756807354167, 110323.569418289],
    [1756810970170, 110224.187728035],
    [1756814594011, 109726.008735848],
    [1756818108742, 108798.952332606],
    [1756821761038, 111179.859222123],
    [1756825383871, 111219.974999676],
    [1756828973325, 110752.342001396],
    [1756832557694, 110685.149058742],
    [1756836156531, 110911.587519102],
    [1756839618522, 110770.901695304],
    [1756843349676, 110752.303453943],
    [1756846961867, 111395.041654995],
    [1756850571730, 111229.745424631],
    [1756854190238, 111215.739574821],
    [1756857725883, 111190.182098454],
    [1756861356310, 111293.330207068],
    [1756865184653, 111258.439748772],
    [1756868574300, 111449.587767196],
    [1756872138432, 111073.764404508],
    [1756875724872, 111022.131083206],
    [1756879344677, 110690.278112208],
    [1756882850402, 110715.847566325],
    [1756886585322, 111063.310546576],
    [1756890143543, 111048.526304504],
    [1756893698723, 111220.791134402],
    [1756897294069, 111429.014992946],
    [1756900911446, 111471.891974013],
    [1756904467943, 111114.707606747],
    [1756908128206, 111613.009283448],
    [1756911738752, 112237.331788649],
    [1756915355957, 112291.237243952],
    [1756918905809, 111862.09489874],
    [1756922533257, 112380.369637989],
    [1756926162883, 111946.435328502],
    [1756929702289, 112156.224117562],
    [1756933303614, 112230.160365626],
    [1756936956107, 111983.708387383],
    [1756940451790, 111953.697013275],
    [1756944132999, 111751.647610205],
    [1756947750937, 112072.799849011],
    [1756951359714, 111853.882325086],
    [1756955161356, 111492.645007775],
    [1756958526641, 111177.664637841],
    [1756962137772, 111127.467260161],
    [1756965699515, 110686.917901929],
    [1756969317946, 110409.549243638],
    [1756972877204, 110505.550019732],
    [1756976510684, 110705.263613775],
    [1756980046715, 110805.397112726],
    [1756983727548, 110646.530418201],
    [1756987346330, 110846.352496284],
    [1756990924928, 110785.369097149],
    [1756994570366, 110448.699179109],
    [1756998160710, 109969.810437999],
    [1757001739147, 109624.550176075],
    [1757005326619, 109497.723469067],
    [1757008915923, 109803.097869954],
    [1757012552833, 110023.31449416],
    [1757016138203, 109873.893091678],
    [1757019757381, 110403.239034807],
    [1757023338060, 110542.44225609],
    [1757026878591, 111490.514792892],
    [1757030543793, 110752.041425166],
    [1757034130018, 110546.35219585],
    [1757037730682, 111123.188932398],
    [1757041268501, 111365.166169466],
    [1757044909929, 111320.955892224],
    [1757048549608, 111443.836299511],
    [1757052149751, 111562.752756278],
    [1757055710932, 111900.941041483],
    [1757059281653, 112964.687554496],
    [1757062928103, 112620.511849917],
    [1757066566344, 112258.883985749],
    [1757070065918, 112259.728805679],
    [1757073713266, 112361.22450543],
    [1757077301629, 113225.000212614],
    [1757080835860, 113034.032155294],
    [1757084544774, 110514.162002417],
    [1757088151198, 110663.451158844],
    [1757091701538, 110781.59184322],
    [1757095329092, 110611.414636278],
    [1757098822497, 111192.721603095],
    [1757102533483, 111445.250207121],
    [1757106096455, 111619.386202352],
    [1757109674446, 110624.309539428],
    [1757113306139, 110813.808607002],
    [1757116905984, 110656.308978032],
    [1757120506826, 110782.968065002],
    [1757124034752, 110873.875049864],
    [1757127604301, 111103.499838515],
    [1757131288975, 111070.929327591],
    [1757134949789, 110856.408248085],
    [1757138550726, 110725.911965031],
    [1757142092833, 110772.867940743],
    [1757145618841, 110817.253214556],
    [1757149302910, 110948.472864424],
    [1757153172321, 110697.418365483],
    [1757156525458, 110766.635597335],
    [1757160343984, 110770.072485151],
    [1757163696883, 110833.089621603],
    [1757167361596, 110944.931633334],
    [1757170938567, 110832.317163945],
    [1757174566462, 110417.35028699],
    [1757178163915, 110256.249116572],
    [1757181784384, 110175.865742266],
    [1757185351580, 110265.975833375],
    [1757188964905, 110054.773313738],
    [1757192575860, 110174.333714174],
    [1757196134384, 110235.303701962],
    [1757199727526, 110175.250265998],
    [1757203337296, 110223.833958703],
    [1757206918687, 110367.909509332],
    [1757210532075, 110581.743083472],
    [1757214147533, 110666.85100537],
    [1757217766700, 110619.14326204],
    [1757221335879, 110563.510428064],
    [1757224899926, 110660.431429749],
    [1757228786947, 110523.244699138],
    [1757232025454, 110724.892935669],
    [1757235747833, 111081.234009333],
    [1757239307596, 111120.664447178],
    [1757242960755, 111233.740122059],
    [1757246531486, 111280.133296375],
    [1757250134457, 111116.19537609],
    [1757253644693, 111202.503000987],
    [1757257374926, 111118.802817379],
    [1757260964718, 111347.479269074],
    [1757264526397, 111201.307362771],
    [1757268047830, 110968.971135834],
    [1757271696735, 111057.559657569],
    [1757275353704, 111232.347963074],
    [1757278931218, 111325.774082909],
    [1757282731023, 111096.431720522],
    [1757286134758, 111271.507292282],
    [1757289727086, 111133.092696364],
    [1757293298575, 110836.313956112],
    [1757296960459, 110858.367290798],
    [1757300536472, 111245.938053136],
    [1757307727561, 110952.375584055],
    [1757311300640, 111020.741202946],
    [1757314951739, 111150.083327939],
    [1757318591771, 111249.967202264],
    [1757322129078, 111630.320379409],
    [1757325665734, 112045.717693538],
    [1757329319697, 112019.400121435],
    [1757332952891, 112071.369358118],
    [1757336482509, 112024.447590779],
    [1757340156256, 111996.266869413],
    [1757343738876, 112489.144077852],
    [1757347442848, 112601.637579639],
    [1757350970366, 112434.736959282],
    [1757354504037, 112206.363011248],
    [1757358166056, 112456.23416522],
    [1757361748143, 112067.347001549],
    [1757365368021, 112025.168572721],
    [1757368969617, 112273.042143605],
    [1757372554306, 112223.036566064],
    [1757376042077, 112025.128781188],
    [1757379745940, 111652.071386693],
    [1757383232178, 111407.0907416],
    [1757386969021, 111287.148852958],
    [1757390559597, 111702.974714709],
    [1757394146616, 112028.608058477],
    [1757397716217, 112140.773093665],
    [1757401378293, 113112.942019355],
    [1757404923129, 113070.318546916],
    [1757408595191, 112951.869700636],
    [1757412173726, 112921.314592305],
    [1757416001451, 112717.278757823],
    [1757419240406, 112500.527440013],
    [1757422918540, 112676.696849721],
    [1757426488094, 112774.891959243],
    [1757430145704, 111729.815524247],
    [1757433738185, 110870.226491318],
    [1757437340509, 110976.012674645],
    [1757440910813, 111031.545569976],
    [1757444784550, 111145.967522557],
    [1757448111690, 111319.253012355],
    [1757451748074, 111359.195853392],
    [1757455296633, 111301.75137264],
    [1757458933353, 111518.101223626],
    [1757462518797, 111521.544231835],
    [1757466141837, 111062.1117322],
    [1757469705193, 111023.099570737],
    [1757473235162, 111397.550742849],
    [1757476940585, 111525.927139384],
    [1757480499509, 111521.691056812],
    [1757484104524, 111567.402774594],
    [1757491359241, 112528.448341544],
    [1757494957039, 112363.700109579],
    [1757498671275, 112249.779867285],
    [1757502095220, 112321.221867406],
    [1757505755564, 112255.324089117],
    [1757509310368, 113426.448758214],
    [1757513007515, 113934.396697733],
    [1757516576153, 113891.188386098],
    [1757520167240, 113903.953319293],
    [1757523765040, 113672.214377537],
    [1757527361235, 113734.633024112],
    [1757530953877, 113592.016519746],
    [1757534558220, 113402.845603678],
    [1757538163267, 113625.820288459],
    [1757541757931, 113885.30512692],
    [1757545336643, 113935.597520535],
    [1757548944417, 114000.120922964],
    [1757552542679, 113898.885154674],
    [1757556117331, 113925.246733355],
    [1757559676610, 113851.685393573],
    [1757563305613, 114419.627585298],
    [1757566902786, 114167.933833457],
    [1757570498161, 114273.229970576],
    [1757574176015, 114409.360503554],
    [1757577751948, 114077.070466073],
    [1757581350436, 114055.544214501],
    [1757584858161, 113916.237037911],
    [1757588553513, 114074.880614629],
    [1757592044973, 114016.783334914],
    [1757595611356, 114045.243061526],
    [1757599367248, 114181.763029476],
    [1757602936287, 114499.294842453],
    [1757606558478, 114136.796349242],
    [1757610016404, 114499.523268931],
    [1757613737055, 114546.629069259],
    [1757617306198, 114309.826127359],
    [1757620954225, 114435.889092004],
    [1757624561482, 114402.348649665],
    [1757628156526, 114531.977747669],
    [1757631755315, 115251.54504574],
    [1757635331931, 115503.16663193],
    [1757638847600, 116083.026840896],
    [1757642559108, 115541.437453717],
    [1757646140659, 115321.702995651],
    [1757649743377, 115198.046895763],
    [1757653320681, 115430.885372825],
    [1757656967846, 115656.412977807],
    [1757660585554, 115339.653476517],
    [1757664157781, 115143.920602731],
    [1757667764701, 115090.517271755],
    [1757671350254, 114977.797024896],
    [1757674945697, 114970.87662703],
    [1757678476911, 114944.793340302],
    [1757682171250, 115175.745624117],
    [1757685759203, 115182.635127442],
    [1757689271665, 115285.826314332],
    [1757692887205, 115142.915912363],
    [1757696543182, 115501.53307004],
    [1757700168958, 115870.543372346],
    [1757703743134, 116488.130431449],
    [1757707407777, 116704.71486572],
    [1757710903796, 116206.138076642],
    [1757714421908, 115951.31496912],
    [1757718159610, 116094.986342843],
    [1757721750890, 116160.143445945],
    [1757725360260, 116299.90574104],
    [1757728950447, 115817.78761225],
    [1757732508947, 115929.710724685],
    [1757736179076, 115987.131564508],
    [1757739726190, 115761.026191411],
    [1757743351028, 115744.353874493],
    [1757746991576, 115790.532026438],
    [1757750516989, 115828.380463327],
    [1757754155122, 116027.124055973],
    [1757757734685, 116073.350613566],
    [1757761363344, 116017.519629986],
    [1757764932834, 116020.667107693],
    [1757768497877, 116060.834171336],
    [1757772134948, 115768.321187481],
    [1757775702113, 115842.848205789],
    [1757779372275, 115784.106695155],
    [1757782966879, 115342.814106582],
    [1757786574699, 115567.656411091],
    [1757790125801, 115688.73490202],
    [1757793714246, 115837.628677383],
    [1757797357176, 115975.606658308],
    [1757800987780, 115902.800872654],
    [1757804534659, 115914.676973986]
  ],
  "market_caps": [
    [1756598491633, 2166165747945.18],
    [1756602120896, 2175067681300.11],
    [1756605717846, 2179409664398.06],
    [1756609242817, 2174833148150.96],
    [1756612963963, 2174158705533.41],
    [1756616501261, 2166272449918.68],
    [1756620163952, 2165634093160.61],
    [1756623659485, 2164944861740.5],
    [1756627364758, 2164506878829.79],
    [1756630956863, 2170290106463],
    [1756634509930, 2161268607402],
    [1756638126758, 2162288769846.13],
    [1756641822688, 2158713195780.69],
    [1756645248031, 2157306198913.06],
    [1756648938122, 2157654799347.79],
    [1756652501914, 2159588949571.48],
    [1756656141408, 2166859189294.99],
    [1756659637043, 2168905950554.32],
    [1756663271785, 2169974708911.65],
    [1756666912435, 2173651127198.85],
    [1756670432327, 2169717255358.76],
    [1756674157565, 2171640748681.91],
    [1756677698716, 2171628568025.64],
    [1756681330273, 2168035106372.98],
    [1756684884782, 2155694976689.6],
    [1756688412717, 2155731734094.86],
    [1756692150453, 2152893869000.53],
    [1756695740902, 2142970201319.87],
    [1756699346682, 2144136165839.86],
    [1756702964431, 2137715038703.07],
    [1756706521276, 2148376377723.97],
    [1756710169849, 2152065189915.22],
    [1756713739232, 2176492006900.88],
    [1756717230775, 2181870456289.23],
    [1756720933227, 2182121441331.9],
    [1756724559678, 2159040708633.59],
    [1756728195291, 2165599672073.74],
    [1756731741473, 2171384171236.6],
    [1756735234233, 2170895056698.4],
    [1756738969312, 2169003911997.55],
    [1756742541157, 2164398301560.29],
    [1756746172894, 2168164224101.55],
    [1756749728376, 2168607298427.07],
    [1756753323872, 2175276792174.62],
    [1756756977594, 2174725893045.48],
    [1756760549368, 2166811645315.53],
    [1756764169981, 2142561599960.66],
    [1756767736249, 2158880764122.32],
    [1756771301321, 2175226267318.87],
    [1756774968255, 2169771323824.09],
    [1756778435785, 2179419708722.18],
    [1756782137258, 2185829638163.6],
    [1756785706325, 2199049635845.27],
    [1756789256804, 2194868742311.62],
    [1756792907793, 2195049921718.47],
    [1756796566343, 2198600420755.78],
    [1756800140751, 2193984617483.53],
    [1756803762812, 2202163512663.56],
    [1756807354167, 2196816670342.17],
    [1756810970170, 2194133593623.04],
    [1756814594011, 2185680333538.86],
    [1756818108742, 2163604334862.26],
    [1756821761038, 2212501551298.06],
    [1756825383871, 2217139171947.8],
    [1756828973325, 2204821561737.77],
    [1756832557694, 2203458184031.72],
    [1756836156531, 2208556379751.55],
    [1756839618522, 2204820097110.31],
    [1756843349676, 2204097457897.59],
    [1756846961867, 2216882822427.58],
    [1756850571730, 2214892210735.38],
    [1756854190238, 2215028845461.46],
    [1756857725883, 2212595221503.45],
    [1756861356310, 2216874992792.73],
    [1756865184653, 2214177973126.91],
    [1756868574300, 2217896706770.25],
    [1756872138432, 2212465641317.08],
    [1756875724872, 2211063047080.14],
    [1756879344677, 2204707523378.11],
    [1756882850402, 2204861666882.97],
    [1756886585322, 2211325985259.96],
    [1756890143543, 2210477033081.94],
    [1756893698723, 2214728800183.38],
    [1756897294069, 2217831690193.17],
    [1756900911446, 2220338791634.35],
    [1756904467943, 2212040634460.93],
    [1756908128206, 2219205748782.64],
    [1756911738752, 2234094900413.17],
    [1756915355957, 2234785554060.23],
    [1756918905809, 2226786878355.31],
    [1756922533257, 2239127659120.91],
    [1756926162883, 2228556403162.94],
    [1756929702289, 2230126805824.14],
    [1756933303614, 2235074983257.77],
    [1756936956107, 2230298928005.23],
    [1756940451790, 2228331346248.55],
    [1756944132999, 2225375143616.66],
    [1756947750937, 2233858685538.81],
    [1756951359714, 2227502676636],
    [1756955161356, 2220402515732.43],
    [1756958526641, 2214143437577.2],
    [1756962137772, 2213940317623.17],
    [1756965699515, 2203597783780.88],
    [1756969317946, 2199357913669.3],
    [1756972877204, 2200665345850.16],
    [1756976510684, 2204049833437.89],
    [1756980046715, 2207005835129.23],
    [1756983727548, 2203565707322.48],
    [1756987346330, 2207487000959.04],
    [1756990924928, 2206302030224.6],
    [1756994570366, 2200621286902.34],
    [1756998160710, 2192469453133.11],
    [1757001739147, 2182484094365.28],
    [1757005326619, 2179394978560.85],
    [1757008915923, 2187637547368.57],
    [1757012552833, 2193806912803.15],
    [1757016138203, 2186723070887.32],
    [1757019757381, 2197891025866.73],
    [1757023338060, 2201220074792.21],
    [1757026878591, 2218244727783.44],
    [1757030543793, 2204703445449.38],
    [1757034130018, 2204343880311.46],
    [1757037730682, 2212729205872.9],
    [1757041268501, 2218443377241.88],
    [1757044909929, 2217090859418.67],
    [1757048549608, 2219595850377.12],
    [1757052149751, 2221933369870.15],
    [1757055710932, 2227805133904.67],
    [1757059281653, 2249489427303.99],
    [1757062928103, 2242956340451.19],
    [1757066566344, 2235618183812.8],
    [1757070065918, 2237153210314.82],
    [1757073713266, 2237807393217.14],
    [1757077301629, 2254631607057.42],
    [1757080835860, 2251301191528.43],
    [1757084544774, 2204982240034.2],
    [1757088151198, 2205960969886.73],
    [1757091701538, 2205614823102.56],
    [1757095329092, 2201767259271.52],
    [1757098822497, 2216101318501.4],
    [1757102533483, 2218945678859.41],
    [1757106096455, 2222420183054.52],
    [1757109674446, 2203994368868.52],
    [1757113306139, 2207362921500.63],
    [1757116905984, 2204045604630.56],
    [1757120506826, 2206448689216.23],
    [1757124034752, 2208267586551.41],
    [1757127604301, 2212786259729.83],
    [1757131288975, 2211539745145.09],
    [1757134949789, 2209735179317.59],
    [1757138550726, 2205308414831.91],
    [1757142092833, 2206321751685.54],
    [1757145618841, 2207083687459.46],
    [1757149302910, 2210073957165.21],
    [1757153172321, 2204725415805.04],
    [1757156525458, 2205681180266.03],
    [1757160343984, 2206215893200.23],
    [1757163696883, 2208135355033.73],
    [1757167361596, 2207694248123.64],
    [1757170938567, 2207052479521.48],
    [1757174566462, 2199496963998.79],
    [1757178163915, 2194822256372.96],
    [1757181784384, 2193981736298.46],
    [1757185351580, 2196520411807.75],
    [1757188964905, 2191980773998.48],
    [1757192575860, 2194426153739.35],
    [1757196134384, 2194894297802.45],
    [1757199727526, 2194132592996.34],
    [1757203337296, 2194991805899.42],
    [1757206918687, 2197895354084.53],
    [1757210532075, 2202523904756.55],
    [1757214147533, 2202408132672.37],
    [1757217766700, 2203215847363.76],
    [1757221335879, 2202043258749.95],
    [1757224899926, 2204081008329.83],
    [1757228786947, 2201080831652.54],
    [1757232025454, 2205449026864.76],
    [1757235747833, 2212542021729.97],
    [1757239307596, 2212464647719.06],
    [1757242960755, 2214000232808.78],
    [1757246531486, 2215851207477.33],
    [1757250134457, 2212992926397.98],
    [1757253644693, 2214720947813.76],
    [1757257374926, 2213517945857.07],
    [1757260964718, 2216210749411.16],
    [1757264526397, 2215408816436.61],
    [1757268047830, 2210364388548.72],
    [1757271696735, 2209689431376.47],
    [1757275353704, 2215450776619.8],
    [1757278931218, 2217339009426.3],
    [1757282731023, 2211922988301.72],
    [1757286134758, 2215915986430.97],
    [1757289727086, 2213764479139.36],
    [1757293298575, 2210389436645.39],
    [1757296960459, 2208971495340.9],
    [1757300536472, 2213084256524.05],
    [1757307727561, 2209924707464.61],
    [1757311300640, 2210489329575.56],
    [1757314951739, 2213683919701.83],
    [1757318591771, 2216139837455.6],
    [1757322129078, 2223216961086.97],
    [1757325665734, 2230266214548.35],
    [1757329319697, 2231617421971.38],
    [1757332952891, 2232234541111.07],
    [1757336482509, 2231080691826.91],
    [1757340156256, 2234434970070.94],
    [1757343738876, 2240299646985.96],
    [1757347442848, 2243223351965.37],
    [1757350970366, 2239429185995.41],
    [1757354504037, 2234382365241.9],
    [1757358166056, 2239855721488.97],
    [1757361748143, 2232157976434.64],
    [1757365368021, 2229989913291.33],
    [1757368969617, 2236265680720.53],
    [1757372554306, 2235157728344.89],
    [1757376042077, 2231763512226.87],
    [1757379745940, 2223921193215.72],
    [1757383232178, 2219402478359.05],
    [1757386969021, 2216872957725.68],
    [1757390559597, 2224210973700.84],
    [1757394146616, 2227896450626.21],
    [1757397716217, 2232649720471.28],
    [1757401378293, 2250069689814.45],
    [1757404923129, 2250861688201.68],
    [1757408595191, 2249827834806.45],
    [1757412173726, 2249389015482.74],
    [1757416001451, 2245345087854.69],
    [1757419240406, 2242023190278.58],
    [1757422918540, 2244351213647.66],
    [1757426488094, 2248432394696.2],
    [1757430145704, 2227081553713.81],
    [1757433738185, 2210971823931.01],
    [1757437340509, 2210474265771.75],
    [1757440910813, 2211378170306.76],
    [1757444784550, 2213961790276.77],
    [1757448111690, 2218027271257.96],
    [1757451748074, 2217671099701.06],
    [1757455296633, 2216630087272.1],
    [1757458933353, 2221848405033.74],
    [1757462518797, 2221227776260.48],
    [1757466141837, 2210727193113.12],
    [1757469705193, 2210345839066.95],
    [1757473235162, 2218294994553.09],
    [1757476940585, 2221453829116.81],
    [1757480499509, 2222102159284.94],
    [1757484104524, 2222001507535.76],
    [1757491359241, 2237964223644.43],
    [1757494957039, 2237840707075.96],
    [1757498671275, 2235940487303.63],
    [1757502095220, 2237688490041.16],
    [1757505755564, 2236151044535.16],
    [1757509310368, 2255352776564.32],
    [1757513007515, 2269352790536.37],
    [1757516576153, 2270326731945.89],
    [1757520167240, 2268747807452.15],
    [1757523765040, 2264159414333.39],
    [1757527361235, 2265584107899.27],
    [1757530953877, 2262649029844.18],
    [1757534558220, 2259364969271.68],
    [1757538163267, 2263844969846.85],
    [1757541757931, 2267607759718.76],
    [1757545336643, 2269495918048.57],
    [1757548944417, 2270785850683.03],
    [1757552542679, 2268018045885.99],
    [1757556117331, 2269323212887.07],
    [1757559676610, 2267790495348.34],
    [1757563305613, 2276572253024.02],
    [1757566902786, 2273714206573.06],
    [1757570498161, 2276687194620.71],
    [1757574176015, 2279242055295.86],
    [1757577751948, 2272213291952.69],
    [1757581350436, 2272363127167],
    [1757584858161, 2269131322200.8],
    [1757588553513, 2272627043975.25],
    [1757592044973, 2270703422516.78],
    [1757595611356, 2272536098835.18],
    [1757599367248, 2273429597800.08],
    [1757602936287, 2279660273152.5],
    [1757606558478, 2274287685500.02],
    [1757610016404, 2280967431504.08],
    [1757613737055, 2281315661735.97],
    [1757617306198, 2275539199037.89],
    [1757620954225, 2279326169972.23],
    [1757624561482, 2278881525879.01],
    [1757628156526, 2280993314592.64],
    [1757631755315, 2295845681715.27],
    [1757635331931, 2299764311655.67],
    [1757638847600, 2315945789830.4],
    [1757642559108, 2302910490741.95],
    [1757646140659, 2299596299684.78],
    [1757649743377, 2295138870194.16],
    [1757653320681, 2298501887155.02],
    [1757656967846, 2303582766450.02],
    [1757660585554, 2296893948549.93],
    [1757664157781, 2293156405143.5],
    [1757667764701, 2292369656438.62],
    [1757671350254, 2290229958319.33],
    [1757674945697, 2290338188719.94],
    [1757678476911, 2289576604539.27],
    [1757682171250, 2292815701824.68],
    [1757685759203, 2290392484600.38],
    [1757689271665, 2295981109078.75],
    [1757692887205, 2293954780065.23],
    [1757696543182, 2300107544781.99],
    [1757700168958, 2309138172974.16],
    [1757703743134, 2319841817919.94],
    [1757707407777, 2323350591281.12],
    [1757710903796, 2314835326552.51],
    [1757714421908, 2309672647343.23],
    [1757718159610, 2311335480197.81],
    [1757721750890, 2314347371939.95],
    [1757725360260, 2316152437480.77],
    [1757728950447, 2308350588427.51],
    [1757732508947, 2308965670250.96],
    [1757736179076, 2311003555788.11],
    [1757739726190, 2307014309635.95],
    [1757743351028, 2305851658317.13],
    [1757746991576, 2306020513067.15],
    [1757750516989, 2307261360676.07],
    [1757754155122, 2311585538194.14],
    [1757757734685, 2312221868654.41],
    [1757761363344, 2311809944540.51],
    [1757764932834, 2311082232015.23],
    [1757768497877, 2312100724979.88],
    [1757772134948, 2306997752295.89],
    [1757775702113, 2308411299764.32],
    [1757779372275, 2306505858648.8],
    [1757782966879, 2299242791162.12],
    [1757786574699, 2303279666338.23],
    [1757790125801, 2304530646673.81],
    [1757793714246, 2307304468291.8],
    [1757797357176, 2310209434771.11],
    [1757800987780, 2308722179677.61],
    [1757804534659, 2309141518202.22]
  ],
  "total_volumes": [
    [1756598491633, 27799981330.7922],
    [1756602120896, 29033453635.8191],
    [1756605717846, 28102043551.2042],
    [1756609242817, 26814296856.5048],
    [1756612963963, 25402349785.5803],
    [1756616501261, 23401688003.8447],
    [1756620163952, 23313271591.012],
    [1756623659485, 22719126887.2767],
    [1756627364758, 21849919398.9516],
    [1756630956863, 21300151841.9675],
    [1756634509930, 21996852442.6686],
    [1756638126758, 22739406517.7522],
    [1756641822688, 22529243338.7527],
    [1756645248031, 22917168746.3863],
    [1756648938122, 22706517324.7682],
    [1756652501914, 23208644520.4419],
    [1756656141408, 23763845555.5532],
    [1756659637043, 24060525660.5911],
    [1756663271785, 24300747401.8545],
    [1756666912435, 24649517934.4169],
    [1756670432327, 24754526142.7548],
    [1756674157565, 24902315647.4238],
    [1756677698716, 24831479032.9023],
    [1756681330273, 25405802959.9445],
    [1756684884782, 26140904019.2468],
    [1756688412717, 26939745090.0929],
    [1756692150453, 27146392273.1017],
    [1756695740902, 28574809879.7253],
    [1756699346682, 29546385809.233],
    [1756702964431, 29693713477.1042],
    [1756706521276, 29780527713.8074],
    [1756710169849, 30186701046.1111],
    [1756713739232, 32259670269.8468],
    [1756717230775, 34610030831.5415],
    [1756720933227, 35279692317.0058],
    [1756724559678, 35637850441.6657],
    [1756728195291, 36946032722.2407],
    [1756731741473, 36288025415.4759],
    [1756735234233, 37681784866.6122],
    [1756738969312, 37973191179.6436],
    [1756742541157, 37767899828.5094],
    [1756746172894, 37674181975.1417],
    [1756749728376, 38848511275.5593],
    [1756753323872, 38967802105.4837],
    [1756756977594, 39354256060.9119],
    [1756760549368, 39790930249.9861],
    [1756764169981, 41358098301.0512],
    [1756767736249, 42682976305.3679],
    [1756771301321, 42975514422.9887],
    [1756774968255, 42252631533.0222],
    [1756778435785, 42478070701.6244],
    [1756782137258, 41133474526.6342],
    [1756785706325, 41327857600.2221],
    [1756789256804, 43160571023.6441],
    [1756792907793, 42486808818.2093],
    [1756796566343, 42909908661.9296],
    [1756800140751, 41440487238.9994],
    [1756803762812, 41126399730.8954],
    [1756807354167, 40331103856.4467],
    [1756810970170, 39453595624.5841],
    [1756814594011, 39792321232.2106],
    [1756818108742, 41230783413.9005],
    [1756821761038, 45601955229.2694],
    [1756825383871, 49060038252.7297],
    [1756828973325, 49852248517.3783],
    [1756832557694, 51533866868.923],
    [1756836156531, 52393664887.324],
    [1756839618522, 53064032731.8518],
    [1756843349676, 53691743130.3653],
    [1756846961867, 53616442866.7539],
    [1756850571730, 52260332540.9281],
    [1756854190238, 51731867645.5931],
    [1756857725883, 50235464642.846],
    [1756861356310, 51411197688.2953],
    [1756865184653, 51045799449.4823],
    [1756868574300, 50339554440.6296],
    [1756872138432, 48905037738.0507],
    [1756875724872, 48453537307.8405],
    [1756879344677, 48170243574.7544],
    [1756882850402, 48537235719.7789],
    [1756886585322, 48387859950.4987],
    [1756890143543, 47409668671.6099],
    [1756893698723, 47524222577.7442],
    [1756897294069, 47463914140.7581],
    [1756900911446, 46824208669.8188],
    [1756904467943, 44650050071.3574],
    [1756908128206, 41678089153.8172],
    [1756911738752, 40965697600.6002],
    [1756915355957, 40024806512.297],
    [1756918905809, 38927035055.9567],
    [1756922533257, 39107707422.4466],
    [1756926162883, 38513091871.0412],
    [1756929702289, 37899748906.6608],
    [1756933303614, 37368750339.4778],
    [1756936956107, 36983547604.3652],
    [1756940451790, 35815701332.9574],
    [1756944132999, 35744889958.4119],
    [1756947750937, 35507094876.1592],
    [1756951359714, 34821233328.5776],
    [1756955161356, 34296026729.7783],
    [1756958526641, 34554673805.9096],
    [1756962137772, 35112664111.0402],
    [1756965699515, 36342875553.5102],
    [1756969317946, 36128291652.4607],
    [1756972877204, 36276949140.7869],
    [1756976510684, 36395455721.9487],
    [1756980046715, 36297788281.8019],
    [1756983727548, 36485315732.2301],
    [1756987346330, 36063388073.7425],
    [1756990924928, 35360484735.186],
    [1756994570366, 35334162966.8414],
    [1756998160710, 35497795139.605],
    [1757001739147, 35748504353.927],
    [1757005326619, 36124744077.6499],
    [1757008915923, 35850845547.2808],
    [1757012552833, 36276085165.4099],
    [1757016138203, 36457082321.1991],
    [1757019757381, 36649094667.6267],
    [1757023338060, 36630907974.8543],
    [1757026878591, 34059018537.8274],
    [1757030543793, 38212967193.458],
    [1757034130018, 38685929829.034],
    [1757037730682, 38573284586.4778],
    [1757041268501, 39365765954.398],
    [1757044909929, 38066054056.7066],
    [1757048549608, 38544585266.2126],
    [1757052149751, 38085323909.9574],
    [1757055710932, 38071660662.5697],
    [1757059281653, 41636817232.3052],
    [1757062928103, 42163714659.1878],
    [1757066566344, 42803620360.9072],
    [1757070065918, 43209266819.8002],
    [1757073713266, 42899424320.1148],
    [1757077301629, 48174590378.9676],
    [1757080835860, 51114731076.3939],
    [1757084544774, 55135744608.1483],
    [1757088151198, 55743674674.8319],
    [1757091701538, 55325252108.3785],
    [1757095329092, 55378751317.6067],
    [1757098822497, 55354227177.2764],
    [1757102533483, 55265116440.768],
    [1757106096455, 56294798104.6102],
    [1757109674446, 60026179765.8301],
    [1757113306139, 57671348597.3901],
    [1757116905984, 56279867722.839],
    [1757120506826, 55910183111.0297],
    [1757124034752, 55455746900.822],
    [1757127604301, 54295816799.4032],
    [1757131288975, 54533491619.668],
    [1757134949789, 53616129175.0419],
    [1757138550726, 52338464271.2937],
    [1757142092833, 52468079435.1889],
    [1757145618841, 48616091927.5696],
    [1757149302910, 46653323093.2298],
    [1757153172321, 45895052664.644],
    [1757156525458, 44820230415.7112],
    [1757160343984, 44459477448.3617],
    [1757163696883, 38704981967.7475],
    [1757167361596, 34569889763.9429],
    [1757170938567, 27598857485.6739],
    [1757174566462, 25700447380.0758],
    [1757178163915, 26772458462.5361],
    [1757181784384, 25706003423.8164],
    [1757185351580, 25240147712.4619],
    [1757188964905, 23410399016.2409],
    [1757192575860, 22365801629.6295],
    [1757196134384, 19891442753.5464],
    [1757199727526, 19485066431.507],
    [1757203337296, 19347672148.3306],
    [1757206918687, 19240307881.0541],
    [1757210532075, 19400177876.5678],
    [1757214147533, 19661219149.3339],
    [1757217766700, 19301596873.7106],
    [1757221335879, 19160352766.6185],
    [1757224899926, 19268019536.1419],
    [1757228786947, 19256214557.5319],
    [1757232025454, 20333740487.523],
    [1757235747833, 21795550900.5286],
    [1757239307596, 22363390960.6472],
    [1757242960755, 22620597540.4873],
    [1757246531486, 22693351671.8054],
    [1757250134457, 22798556282.8766],
    [1757253644693, 22839885033.7981],
    [1757257374926, 23210507598.6533],
    [1757260964718, 22707578383.2293],
    [1757264526397, 21031718901.148],
    [1757268047830, 21077256334.3346],
    [1757271696735, 21183633148.851],
    [1757275353704, 21110412010.8198],
    [1757278931218, 21317052372.6984],
    [1757282731023, 21271491889.9449],
    [1757286134758, 21459138328.8134],
    [1757289727086, 21988077810.1861],
    [1757293298575, 22779262875.9787],
    [1757296960459, 23312743691.5601],
    [1757300536472, 23783939273.5109],
    [1757307727561, 25093707651.3922],
    [1757311300640, 25077337807.2084],
    [1757314951739, 25002503890.2985],
    [1757318591771, 25643053103.2677],
    [1757322129078, 25947750847.3637],
    [1757325665734, 26973898736.6196],
    [1757329319697, 28051676353.4536],
    [1757332952891, 28753634662.1156],
    [1757336482509, 28815570715.2814],
    [1757340156256, 31034974436.0205],
    [1757343738876, 32829126346.9457],
    [1757347442848, 34512590778.7366],
    [1757350970366, 35280246316.7531],
    [1757354504037, 35654370162.4694],
    [1757358166056, 36065437915.9835],
    [1757361748143, 36462958354.8201],
    [1757365368021, 36622800327.5209],
    [1757368969617, 37435716033.7923],
    [1757372554306, 37455213029.5986],
    [1757376042077, 37159847899.8603],
    [1757379745940, 37397075617.9407],
    [1757383232178, 37649577071.5771],
    [1757386969021, 38290383173.3714],
    [1757390559597, 37921869431.4049],
    [1757394146616, 38533245274.0961],
    [1757397716217, 39136969373.1494],
    [1757401378293, 41121725757.8004],
    [1757404923129, 42320796290.5937],
    [1757408595191, 41757607589.5574],
    [1757412173726, 40952314424.6574],
    [1757416001451, 40438918723.1557],
    [1757419240406, 40322510845.6438],
    [1757422918540, 40704219432.9796],
    [1757426488094, 40173764386.1578],
    [1757430145704, 42409238010.4897],
    [1757433738185, 43827326027.7457],
    [1757437340509, 41964080078.2885],
    [1757440910813, 44643447645.78],
    [1757444784550, 44837927181.5593],
    [1757448111690, 43608542000.6787],
    [1757451748074, 45499174158.7442],
    [1757455296633, 45284255715.5024],
    [1757458933353, 45424092678.9533],
    [1757462518797, 45541394285.0911],
    [1757466141837, 44978803418.5488],
    [1757469705193, 44626236787.9334],
    [1757473235162, 44660584625.4317],
    [1757476940585, 44370196791.009],
    [1757480499509, 43934536585.0514],
    [1757484104524, 44548341283.4381],
    [1757491359241, 43245970383.4466],
    [1757494957039, 45835673354.1453],
    [1757498671275, 44897884525.8944],
    [1757502095220, 44799883844.167],
    [1757505755564, 44940483568.56],
    [1757509310368, 51452890699.1518],
    [1757513007515, 51793903166.4687],
    [1757516576153, 52033947424.3152],
    [1757520167240, 49641977902.9035],
    [1757523765040, 49643553581.7126],
    [1757527361235, 50170441556.3282],
    [1757530953877, 50787900427.0063],
    [1757534558220, 51864103098.4853],
    [1757538163267, 51951866216.1793],
    [1757541757931, 51533670689.3245],
    [1757545336643, 51746634488.0316],
    [1757548944417, 52047696607.9889],
    [1757552542679, 52049526397.5736],
    [1757556117331, 51363112126.7193],
    [1757559676610, 51035046351.9149],
    [1757563305613, 51568336264.1204],
    [1757566902786, 52660225486.652],
    [1757570498161, 52805895542.1275],
    [1757574176015, 52437078279.3295],
    [1757577751948, 51374613734.2761],
    [1757581350436, 49887935707.1839],
    [1757584858161, 48591128752.3245],
    [1757588553513, 48023116856.1557],
    [1757592044973, 48413045033.4044],
    [1757595611356, 48341262504.7881],
    [1757599367248, 45835923981.735],
    [1757602936287, 46336762109.9674],
    [1757606558478, 46051715019.6167],
    [1757610016404, 45496316499.1987],
    [1757613737055, 44846968363.7273],
    [1757617306198, 44054219538.4956],
    [1757620954225, 43499749675.911],
    [1757624561482, 42186406288.7932],
    [1757628156526, 42231783237.3144],
    [1757631755315, 43393437573.5615],
    [1757635331931, 43752917632.9507],
    [1757638847600, 47006314447.4414],
    [1757642559108, 48176762392.7987],
    [1757646140659, 49310735354.1967],
    [1757649743377, 49484083557.8879],
    [1757653320681, 49223007403.1489],
    [1757656967846, 49716272610.759],
    [1757660585554, 49380350028.3839],
    [1757664157781, 49958661649.629],
    [1757667764701, 51590265196.0625],
    [1757671350254, 51454762843.3734],
    [1757674945697, 51138051983.7861],
    [1757678476911, 51392091965.9457],
    [1757682171250, 47266042820.7588],
    [1757685759203, 46344725792.5928],
    [1757689271665, 43805069543.2681],
    [1757692887205, 43787039349.7796],
    [1757696543182, 44228270379.5747],
    [1757700168958, 45853472829.5273],
    [1757703743134, 47639640170.2346],
    [1757707407777, 50163323989.1039],
    [1757710903796, 51574037209.6688],
    [1757714421908, 52235378768.6389],
    [1757718159610, 51462903459.9636],
    [1757721750890, 51192951485.8644],
    [1757725360260, 48147139362.0123],
    [1757728950447, 47813937383.6231],
    [1757732508947, 46800124755.778],
    [1757736179076, 47055114297.9126],
    [1757739726190, 46605177266.4055],
    [1757743351028, 45919330748.2475],
    [1757746991576, 45758736912.3561],
    [1757750516989, 44779235201.7465],
    [1757754155122, 43819984835.8264],
    [1757757734685, 43464807094.8744],
    [1757761363344, 43623617461.429],
    [1757764932834, 42934882251.0987],
    [1757768497877, 41807169717.9994],
    [1757772134948, 41714037284.5624],
    [1757775702113, 40577501636.3103],
    [1757779372275, 40471018133.6867],
    [1757782966879, 42229979328.1901],
    [1757786574699, 39118105161.7167],
    [1757790125801, 36780065818.5573],
    [1757793714246, 33937325651.7048],
    [1757797357176, 32221220696.282],
    [1757800987780, 31686124383.1138],
    [1757804534659, 30611408283.0745]
  ]
}