{"ethereum":{"jpy":658680},"timestamp":"2025-08-31 11:00:51"}
{"bitcoin":{"usd":108984},"timestamp":"2025-08-31 11:00:56"}
{"bitcoin":{"eur":94431},"timestamp":"2025-08-31 11:01:40"}
{"bitcoin":{"usd":109043},"timestamp":"2025-08-31 11:29:45"}
{"litecoin":{"gbp":83.26},"timestamp":"2025-08-31 11:30:16"}
{"ethereum":{"eur":3881.28},"timestamp":"2025-08-31 11:30:41"}
{"bitcoin-cash":{"gbp":409.14},"timestamp":"2025-08-31 11:31:00"}
{"bitcoin":{"usd":109033},"timestamp":"2025-08-31 12:40:30"}
{"bitcoin":{"usd":109076},"timestamp":"2025-08-31 12:42:20"}
{"bitcoin":{"usd":115643},"timestamp":"2025-09-14 10:35:13"}
{"bitcoin":{"usd":115641},"timestamp":"2025-09-14 10:40:12"}
{"bitcoin":{"eur":98697},"timestamp":"2025-09-14 11:54:56"}
{"bitcoin":{"eur":98369},"timestamp":"2025-09-14 12:07:01"}
{"bitcoin":{"usd":110319},"timestamp":"2025-09-28 12:10:14"}
{"bitcoin":{"usd":113526},"timestamp":"2025-10-26 11:33:15"}
{"bitcoin":{"usd":113587},"timestamp":"2025-10-26 12:09:00"}
{"bitcoin":{"usd":104481},"timestamp":"2025-11-09 12:17:29"}
{"bitcoin":{"usd":104481},"timestamp":"2025-11-09 12:17:32"}
{"ethereum":{"usd":3575.89},"timestamp":"2025-11-09 12:25:26"}
{"bitcoin":{"usd":104474},"timestamp":"2025-11-09 12:31:10"}
{"bitcoin":{"usd":104472},"timestamp":"2025-11-09 12:31:49"}
